0 info it worked if it ends with ok
1 verbose cli [ '/home/travis/.nvm/versions/node/v6.9.2/bin/node',
1 verbose cli   '/home/travis/.nvm/versions/node/v6.9.2/bin/npm',
1 verbose cli   'run',
1 verbose cli   'jscs' ]
2 info using npm@3.10.9
3 info using node@v6.9.2
4 verbose run-script [ 'prejscs', 'jscs', 'postjscs' ]
5 info lifecycle clothet-api@1.0.0~prejscs: clothet-api@1.0.0
6 silly lifecycle clothet-api@1.0.0~prejscs: no script for prejscs, continuing
7 info lifecycle clothet-api@1.0.0~jscs: clothet-api@1.0.0
8 verbose lifecycle clothet-api@1.0.0~jscs: unsafe-perm in lifecycle true
9 verbose lifecycle clothet-api@1.0.0~jscs: PATH: /home/travis/.nvm/versions/node/v6.9.2/lib/node_modules/npm/bin/node-gyp-bin:/home/travis/build/Clothet/Clothet-API/node_modules/.bin:/home/travis/.nvm/versions/node/v6.9.2/bin:/home/travis/bin:/home/travis/.local/bin:/home/travis/.rvm/gems/ruby-1.9.3-p551/bin:/home/travis/.rvm/gems/ruby-1.9.3-p551@global/bin:/home/travis/.rvm/rubies/ruby-1.9.3-p551/bin:/usr/local/phantomjs/bin:./node_modules/.bin:/usr/local/maven-3.2.5/bin:/usr/local/clang-3.4/bin:/home/travis/.gimme/versions/go1.4.1.linux.amd64/bin:/usr/local/sbin:/usr/local/bin:/usr/sbin:/usr/bin:/sbin:/bin:/home/travis/.rvm/bin
10 verbose lifecycle clothet-api@1.0.0~jscs: CWD: /home/travis/build/Clothet/Clothet-API
11 silly lifecycle clothet-api@1.0.0~jscs: Args: [ '-c', 'jscs --config .linter/.jscsrc .' ]
12 info lifecycle clothet-api@1.0.0~jscs: Failed to exec jscs script
13 verbose stack Error: clothet-api@1.0.0 jscs: `jscs --config .linter/.jscsrc .`
13 verbose stack spawn ENOENT
13 verbose stack     at ChildProcess.<anonymous> (/home/travis/.nvm/versions/node/v6.9.2/lib/node_modules/npm/lib/utils/spawn.js:33:16)
13 verbose stack     at emitTwo (events.js:106:13)
13 verbose stack     at ChildProcess.emit (events.js:191:7)
13 verbose stack     at maybeClose (internal/child_process.js:877:16)
13 verbose stack     at Process.ChildProcess._handle.onexit (internal/child_process.js:226:5)
14 verbose pkgid clothet-api@1.0.0
15 verbose cwd /home/travis/build/Clothet/Clothet-API/doc
16 error Linux 4.8.12-040812-generic
17 error argv "/home/travis/.nvm/versions/node/v6.9.2/bin/node" "/home/travis/.nvm/versions/node/v6.9.2/bin/npm" "run" "jscs"
18 error node v6.9.2
19 error npm  v3.10.9
20 error file sh
21 error code ELIFECYCLE
22 error errno ENOENT
23 error syscall spawn
24 error clothet-api@1.0.0 jscs: `jscs --config .linter/.jscsrc .`
24 error spawn ENOENT
25 error Failed at the clothet-api@1.0.0 jscs script 'jscs --config .linter/.jscsrc .'.
25 error Make sure you have the latest version of node.js and npm installed.
25 error If you do, this is most likely a problem with the clothet-api package,
25 error not with npm itself.
25 error Tell the author that this fails on your system:
25 error     jscs --config .linter/.jscsrc .
25 error You can get information on how to open an issue for this project with:
25 error     npm bugs clothet-api
25 error Or if that isn't available, you can get their info via:
25 error     npm owner ls clothet-api
25 error There is likely additional logging output above.
26 verbose exit [ 1, true ]
